<?xml version="1.0" encoding="UTF-8"?>
<testsuite xmlns:xsi="http://www.w3.org/2001/XMLSchema-instance" xsi:noNamespaceSchemaLocation="https://maven.apache.org/surefire/maven-surefire-plugin/xsd/surefire-test-report-3.0.xsd" version="3.0" name="com.javax0.blog.hiddenclasses.TestHiddenClassLoader" time="0.681" tests="8" errors="0" skipped="0" failures="0">
  <properties>
    <property name="java.specification.version" value="19"/>
    <property name="sun.jnu.encoding" value="UTF-8"/>
    <property name="java.class.path" value="/Users/verhasp/github/javax0.github.io/_projects/2022-12-13-hidden-classes/target/test-classes:/Users/verhasp/github/javax0.github.io/_projects/2022-12-13-hidden-classes/target/classes:/Users/verhasp/.m2/repository/org/mockito/mockito-core/4.6.1/mockito-core-4.6.1.jar:/Users/verhasp/.m2/repository/net/bytebuddy/byte-buddy/1.12.10/byte-buddy-1.12.10.jar:/Users/verhasp/.m2/repository/net/bytebuddy/byte-buddy-agent/1.12.10/byte-buddy-agent-1.12.10.jar:/Users/verhasp/.m2/repository/org/objenesis/objenesis/3.2/objenesis-3.2.jar:/Users/verhasp/.m2/repository/org/junit/jupiter/junit-jupiter-api/5.9.0/junit-jupiter-api-5.9.0.jar:/Users/verhasp/.m2/repository/org/opentest4j/opentest4j/1.2.0/opentest4j-1.2.0.jar:/Users/verhasp/.m2/repository/org/junit/platform/junit-platform-commons/1.9.0/junit-platform-commons-1.9.0.jar:/Users/verhasp/.m2/repository/org/apiguardian/apiguardian-api/1.1.2/apiguardian-api-1.1.2.jar:/Users/verhasp/.m2/repository/org/junit/jupiter/junit-jupiter-engine/5.9.0/junit-jupiter-engine-5.9.0.jar:/Users/verhasp/.m2/repository/org/junit/platform/junit-platform-engine/1.9.0/junit-platform-engine-1.9.0.jar:/Users/verhasp/.m2/repository/org/junit/jupiter/junit-jupiter-params/5.9.0/junit-jupiter-params-5.9.0.jar:/Users/verhasp/.m2/repository/com/javax0/sourcebuddy/sourcebuddy/2.1.0/sourcebuddy-2.1.0.jar:"/>
    <property name="java.vm.vendor" value="Oracle Corporation"/>
    <property name="sun.arch.data.model" value="64"/>
    <property name="java.vendor.url" value="https://java.oracle.com/"/>
    <property name="user.timezone" value="Europe/Zurich"/>
    <property name="os.name" value="Mac OS X"/>
    <property name="java.vm.specification.version" value="19"/>
    <property name="sun.java.launcher" value="SUN_STANDARD"/>
    <property name="user.country" value="GB"/>
    <property name="sun.boot.library.path" value="/Library/Java/JavaVirtualMachines/jdk-19.jdk/Contents/Home/lib"/>
    <property name="sun.java.command" value="/Users/verhasp/github/javax0.github.io/_projects/2022-12-13-hidden-classes/target/surefire/surefirebooter13485276508081992821.jar /Users/verhasp/github/javax0.github.io/_projects/2022-12-13-hidden-classes/target/surefire 2023-01-05T12-03-50_470-jvmRun1 surefire9630280516329202811tmp surefire_03425003444870119199tmp"/>
    <property name="http.nonProxyHosts" value="local|*.local|169.254/16|*.169.254/16"/>
    <property name="jdk.debug" value="release"/>
    <property name="surefire.test.class.path" value="/Users/verhasp/github/javax0.github.io/_projects/2022-12-13-hidden-classes/target/test-classes:/Users/verhasp/github/javax0.github.io/_projects/2022-12-13-hidden-classes/target/classes:/Users/verhasp/.m2/repository/org/mockito/mockito-core/4.6.1/mockito-core-4.6.1.jar:/Users/verhasp/.m2/repository/net/bytebuddy/byte-buddy/1.12.10/byte-buddy-1.12.10.jar:/Users/verhasp/.m2/repository/net/bytebuddy/byte-buddy-agent/1.12.10/byte-buddy-agent-1.12.10.jar:/Users/verhasp/.m2/repository/org/objenesis/objenesis/3.2/objenesis-3.2.jar:/Users/verhasp/.m2/repository/org/junit/jupiter/junit-jupiter-api/5.9.0/junit-jupiter-api-5.9.0.jar:/Users/verhasp/.m2/repository/org/opentest4j/opentest4j/1.2.0/opentest4j-1.2.0.jar:/Users/verhasp/.m2/repository/org/junit/platform/junit-platform-commons/1.9.0/junit-platform-commons-1.9.0.jar:/Users/verhasp/.m2/repository/org/apiguardian/apiguardian-api/1.1.2/apiguardian-api-1.1.2.jar:/Users/verhasp/.m2/repository/org/junit/jupiter/junit-jupiter-engine/5.9.0/junit-jupiter-engine-5.9.0.jar:/Users/verhasp/.m2/repository/org/junit/platform/junit-platform-engine/1.9.0/junit-platform-engine-1.9.0.jar:/Users/verhasp/.m2/repository/org/junit/jupiter/junit-jupiter-params/5.9.0/junit-jupiter-params-5.9.0.jar:/Users/verhasp/.m2/repository/com/javax0/sourcebuddy/sourcebuddy/2.1.0/sourcebuddy-2.1.0.jar:"/>
    <property name="sun.cpu.endian" value="little"/>
    <property name="user.home" value="/Users/verhasp"/>
    <property name="user.language" value="en"/>
    <property name="java.specification.vendor" value="Oracle Corporation"/>
    <property name="java.version.date" value="2022-09-20"/>
    <property name="java.home" value="/Library/Java/JavaVirtualMachines/jdk-19.jdk/Contents/Home"/>
    <property name="file.separator" value="/"/>
    <property name="basedir" value="/Users/verhasp/github/javax0.github.io/_projects/2022-12-13-hidden-classes"/>
    <property name="java.vm.compressedOopsMode" value="Zero based"/>
    <property name="line.separator" value="&#10;"/>
    <property name="java.vm.specification.vendor" value="Oracle Corporation"/>
    <property name="java.specification.name" value="Java Platform API Specification"/>
    <property name="apple.awt.application.name" value="ForkedBooter"/>
    <property name="surefire.real.class.path" value="/Users/verhasp/github/javax0.github.io/_projects/2022-12-13-hidden-classes/target/surefire/surefirebooter13485276508081992821.jar"/>
    <property name="sun.management.compiler" value="HotSpot 64-Bit Tiered Compilers"/>
    <property name="ftp.nonProxyHosts" value="local|*.local|169.254/16|*.169.254/16"/>
    <property name="java.runtime.version" value="19+36-2238"/>
    <property name="user.name" value="verhasp"/>
    <property name="stdout.encoding" value="UTF-8"/>
    <property name="path.separator" value=":"/>
    <property name="os.version" value="13.0.1"/>
    <property name="java.runtime.name" value="OpenJDK Runtime Environment"/>
    <property name="file.encoding" value="UTF-8"/>
    <property name="java.vm.name" value="OpenJDK 64-Bit Server VM"/>
    <property name="localRepository" value="/Users/verhasp/.m2/repository"/>
    <property name="java.vendor.url.bug" value="https://bugreport.java.com/bugreport/"/>
    <property name="java.io.tmpdir" value="/var/folders/0v/zpz64s8x60vcxp4hctx4n55w0000gp/T/"/>
    <property name="java.version" value="19"/>
    <property name="user.dir" value="/Users/verhasp/github/javax0.github.io/_projects/2022-12-13-hidden-classes"/>
    <property name="os.arch" value="aarch64"/>
    <property name="java.vm.specification.name" value="Java Virtual Machine Specification"/>
    <property name="native.encoding" value="UTF-8"/>
    <property name="java.library.path" value="/Users/verhasp/Library/Java/Extensions:/Library/Java/Extensions:/Network/Library/Java/Extensions:/System/Library/Java/Extensions:/usr/lib/java:."/>
    <property name="java.vm.info" value="mixed mode, sharing"/>
    <property name="stderr.encoding" value="UTF-8"/>
    <property name="java.vendor" value="Oracle Corporation"/>
    <property name="java.vm.version" value="19+36-2238"/>
    <property name="sun.io.unicode.encoding" value="UnicodeBig"/>
    <property name="socksNonProxyHosts" value="local|*.local|169.254/16|*.169.254/16"/>
    <property name="java.class.version" value="63.0"/>
  </properties>
  <testcase name="sayFluentHello" classname="com.javax0.blog.hiddenclasses.TestHiddenClassLoader" time="0.313">
    <system-out><![CDATA[Hello, from the hidden class.
]]></system-out>
  </testcase>
  <testcase name="sayHello" classname="com.javax0.blog.hiddenclasses.TestHiddenClassLoader" time="0.041"/>
  <testcase name="sayHelloTwice" classname="com.javax0.blog.hiddenclasses.TestHiddenClassLoader" time="0.075">
    <system-out><![CDATA[Hello, from the hidden class.
Hello, from the other hidden class.
Hello, from the hidden class.
Hello, from the other hidden class.
]]></system-out>
  </testcase>
  <testcase name="failingLoad" classname="com.javax0.blog.hiddenclasses.TestHiddenClassLoader" time="0.098"/>
  <testcase name="testInnerClassCreationFetchLookup" classname="com.javax0.blog.hiddenclasses.TestHiddenClassLoader" time="0.034"/>
  <testcase name="sayHelloToSB" classname="com.javax0.blog.hiddenclasses.TestHiddenClassLoader" time="0.028">
    <system-out><![CDATA[Hello, from the hidden class.
]]></system-out>
  </testcase>
  <testcase name="initVsNonInit" classname="com.javax0.blog.hiddenclasses.TestHiddenClassLoader" time="0.055">
    <system-out><![CDATA[Class A is initialized
]]></system-out>
  </testcase>
  <testcase name="failingLoadOtherPackage" classname="com.javax0.blog.hiddenclasses.TestHiddenClassLoader" time="0.027"/>
</testsuite>